<?xml version="1.0" encoding="UTF-8"?>
<!-- Generated by org.testng.reporters.JUnitReportReporter -->
<testsuite skipped="0" hostname="DESKTOP-QPQE140" name="test.LoginTest" tests="1" failures="0" timestamp="2022-03-28T01:21:17 CDT" time="6.435" errors="0">
  <testcase name="validUserShouldBeAbleToLogIn" time="6.435" classname="test.LoginTest"/>
  <system-out/>
</testsuite> <!-- test.LoginTest -->
