<?xml version="1.0" encoding="UTF-8"?>
<!-- Generated by org.testng.reporters.JUnitReportReporter -->
<testsuite skipped="0" hostname="DESKTOP-QPQE140" name="util.BrowserFactory" tests="1" failures="0" timestamp="2022-02-25T02:58:52 CST" time="4.191" errors="0">
  <testcase name="init" time="4.191" classname="util.BrowserFactory"/>
  <system-out/>
</testsuite> <!-- util.BrowserFactory -->
